[2024-08-13 18:37:44] [ INFO ] [odontologoserviceTest:38] Tables loaded
[2024-08-13 18:37:44] [ ERROR] [odontologoDAO:52] odontologo not saved
[2024-08-13 18:37:44] [ ERROR] [odontologoDAO:55] odontologo not saved
[2024-08-13 18:37:44] [ ERROR] [odontologoDAO:62] odontologo not saved
[2024-08-13 18:37:44] [ ERROR] [odontologoDAO:52] odontologo not saved
[2024-08-13 18:37:44] [ ERROR] [odontologoDAO:55] odontologo not saved
[2024-08-13 18:37:44] [ ERROR] [odontologoDAO:62] odontologo not saved
[2024-08-13 18:37:44] [ ERROR] [odontologoDAO:52] odontologo not saved
[2024-08-13 18:37:44] [ ERROR] [odontologoDAO:55] odontologo not saved
[2024-08-13 18:37:44] [ ERROR] [odontologoDAO:62] odontologo not saved
[2024-08-13 18:37:44] [ ERROR] [odontologoDAO:168] odontologo not get all
[2024-08-13 18:37:44] [ ERROR] [odontologoDAO:52] odontologo not saved
[2024-08-13 18:37:44] [ ERROR] [odontologoDAO:55] odontologo not saved
[2024-08-13 18:37:44] [ ERROR] [odontologoDAO:62] odontologo not saved
[2024-08-13 18:37:44] [ ERROR] [odontologoDAO:52] odontologo not saved
[2024-08-13 18:37:44] [ ERROR] [odontologoDAO:55] odontologo not saved
[2024-08-13 18:37:44] [ ERROR] [odontologoDAO:62] odontologo not saved
[2024-08-13 18:37:44] [ ERROR] [odontologoDAO:52] odontologo not saved
[2024-08-13 18:37:44] [ ERROR] [odontologoDAO:55] odontologo not saved
[2024-08-13 18:37:44] [ ERROR] [odontologoDAO:62] odontologo not saved
[2024-08-13 18:38:48] [ INFO ] [odontologoserviceTest:38] Tables loaded
[2024-08-13 18:38:48] [ INFO ] [odontologoDAO:49] odontologo saved
[2024-08-13 18:38:48] [ INFO ] [odontologoDAO:49] odontologo saved
[2024-08-13 18:38:48] [ INFO ] [odontologoDAO:49] odontologo saved
[2024-08-13 18:38:49] [ ERROR] [odontologoDAO:168] odontologo not get all
[2024-08-13 18:38:49] [ INFO ] [odontologoDAO:49] odontologo saved
[2024-08-13 18:38:49] [ INFO ] [odontologoDAO:114] odontologo deleted
[2024-08-13 18:38:49] [ INFO ] [odontologoDAO:147] odontologo get
[2024-08-13 18:38:49] [ INFO ] [odontologoDAO:49] odontologo saved
[2024-08-13 18:38:49] [ INFO ] [odontologoDAO:84] odontologo updated
[2024-08-13 18:38:49] [ INFO ] [odontologoDAO:147] odontologo get
[2024-08-13 18:38:49] [ INFO ] [odontologoDAO:49] odontologo saved
[2024-08-13 18:38:49] [ INFO ] [odontologoDAO:147] odontologo get
[2024-08-13 18:40:11] [ INFO ] [odontologoserviceTest:38] Tables loaded
[2024-08-13 18:40:11] [ INFO ] [odontologoDAO:49] odontologo saved
[2024-08-13 18:40:11] [ INFO ] [odontologoDAO:49] odontologo saved
[2024-08-13 18:40:11] [ INFO ] [odontologoDAO:49] odontologo saved
[2024-08-13 18:40:11] [ INFO ] [odontologoDAO:165] odontologo get all
[2024-08-13 18:40:11] [ INFO ] [odontologoDAO:49] odontologo saved
[2024-08-13 18:40:11] [ INFO ] [odontologoDAO:114] odontologo deleted
[2024-08-13 18:40:11] [ INFO ] [odontologoDAO:147] odontologo get
[2024-08-13 18:40:11] [ INFO ] [odontologoDAO:49] odontologo saved
[2024-08-13 18:40:11] [ INFO ] [odontologoDAO:84] odontologo updated
[2024-08-13 18:40:11] [ INFO ] [odontologoDAO:147] odontologo get
[2024-08-13 18:40:11] [ INFO ] [odontologoDAO:49] odontologo saved
[2024-08-13 18:40:11] [ INFO ] [odontologoDAO:147] odontologo get
[2024-08-13 18:40:33] [ INFO ] [odontologoserviceTest:38] Tables loaded
[2024-08-13 18:40:33] [ INFO ] [odontologoDAO:49] odontologo saved
[2024-08-13 18:40:33] [ INFO ] [odontologoDAO:49] odontologo saved
[2024-08-13 18:40:33] [ INFO ] [odontologoDAO:49] odontologo saved
[2024-08-13 18:40:33] [ INFO ] [odontologoDAO:165] odontologo get all
[2024-08-13 18:40:33] [ INFO ] [odontologoDAO:49] odontologo saved
[2024-08-13 18:40:33] [ INFO ] [odontologoDAO:114] odontologo deleted
[2024-08-13 18:40:33] [ INFO ] [odontologoDAO:147] odontologo get
[2024-08-13 18:40:33] [ INFO ] [odontologoDAO:49] odontologo saved
[2024-08-13 18:40:33] [ INFO ] [odontologoDAO:84] odontologo updated
[2024-08-13 18:40:33] [ INFO ] [odontologoDAO:147] odontologo get
[2024-08-13 18:40:33] [ INFO ] [odontologoDAO:49] odontologo saved
[2024-08-13 18:40:33] [ INFO ] [odontologoDAO:147] odontologo get
[2024-08-13 18:41:27] [ INFO ] [odontoServiceTest:38] Tables loaded
[2024-08-13 18:41:27] [ INFO ] [odontologoDAO:49] odontologo saved
[2024-08-13 18:41:27] [ INFO ] [odontologoDAO:49] odontologo saved
[2024-08-13 18:41:27] [ INFO ] [odontologoDAO:49] odontologo saved
[2024-08-13 18:41:27] [ INFO ] [odontologoDAO:165] odontologo get all
[2024-08-13 18:41:27] [ INFO ] [odontologoDAO:49] odontologo saved
[2024-08-13 18:41:27] [ INFO ] [odontologoDAO:114] odontologo deleted
[2024-08-13 18:41:27] [ INFO ] [odontologoDAO:147] odontologo get
[2024-08-13 18:41:28] [ INFO ] [odontologoDAO:49] odontologo saved
[2024-08-13 18:41:28] [ INFO ] [odontologoDAO:84] odontologo updated
[2024-08-13 18:41:28] [ INFO ] [odontologoDAO:147] odontologo get
[2024-08-13 18:41:28] [ INFO ] [odontologoDAO:49] odontologo saved
[2024-08-13 18:41:28] [ INFO ] [odontologoDAO:147] odontologo get
